[2013-07-20 05:25:50] START
[2013-07-20 05:56:06] EDIT yogurtJam/views/default/index.html: 0
[2013-07-20 05:57:33] EDIT yogurtJam/views/default/index.html: -8
[2013-07-20 05:58:00] EDIT yogurtJam/views/default/index.html: -1
[2013-07-20 05:58:08] EDIT yogurtJam/views/default/index.html: 1
[2013-07-20 05:58:15] EDIT yogurtJam/views/default/index.html: 0
[2013-07-20 05:58:33] EDIT yogurtJam/views/default/index.html: 0
[2013-07-20 05:58:52] EDIT yogurtJam/views/default/index.html: 1
[2013-07-20 05:59:09] EDIT yogurtJam/views/default/index.html: 0
[2013-07-20 05:59:21] EDIT yogurtJam/views/default/index.html: 0
[2013-07-20 05:59:32] EDIT yogurtJam/views/default/index.html: -1
[2013-07-20 05:59:50] EDIT yogurtJam/views/default/index.html: -2
[2013-07-20 06:00:06] EDIT yogurtJam/views/default/index.html: 2
[2013-07-20 06:00:16] EDIT yogurtJam/views/default/index.html: -1
[2013-07-20 06:00:32] EDIT yogurtJam/views/default/index.html: -1
[2013-07-20 06:00:51] EDIT yogurtJam/views/default/index.html: 1
[2013-07-20 06:01:35] EDIT yogurtJam/views/layout.html: 0
[2013-07-20 06:01:49] EDIT yogurtJam/views/layout.html: 0
[2013-07-20 06:04:03] EDIT yogurtJam/views/layout.html: -2
[2013-07-20 06:05:58] EDIT yogurtJam/views/layout.html: 0
[2013-07-20 06:06:46] EDIT yogurtJam/views/layout.html: 0
[2013-07-20 06:07:05] EDIT yogurtJam/views/layout.html: 0
[2013-07-20 06:07:41] EDIT yogurtJam/views/layout.html: 0
[2013-07-20 06:08:01] EDIT yogurtJam/views/layout.html: 0
[2013-07-20 06:08:31] EDIT yogurtJam/views/layout.html: 0
[2013-07-20 06:08:36] EDIT yogurtJam/views/layout.html: 0
[2013-07-20 06:09:39] EDIT yogurtJam/views/layout.html: -1
[2013-07-20 06:10:05] EDIT yogurtJam/views/layout.html: 1
[2013-07-20 06:11:22] EDIT yogurtJam/views/layout.html: 0
[2013-07-20 06:11:44] EDIT yogurtJam/views/layout.html: 0
[2013-07-20 06:12:47] EDIT yogurtJam/views/layout.html: 1
[2013-07-20 06:13:13] EDIT yogurtJam/views/layout.html: 1
[2013-07-20 06:17:17] EDIT yogurtJam/views/layout.html: 0
[2013-07-20 06:17:46] EDIT yogurtJam/views/layout.html: 0
[2013-07-20 06:18:26] EDIT yogurtJam/views/layout.html: 0
[2013-07-20 06:18:43] EDIT yogurtJam/views/layout.html: 0
[2013-07-20 06:19:48] EDIT yogurtJam/views/layout.html: 1
[2013-07-20 06:20:01] EDIT yogurtJam/views/layout.html: -1
[2013-07-20 06:20:44] EDIT yogurtJam/views/default/index.html: -1
[2013-07-20 06:20:52] EDIT yogurtJam/views/default/index.html: 1
[2013-07-20 06:21:11] EDIT yogurtJam/views/default/index.html: 0
[2013-07-20 06:23:33] UPLOAD /home/www-data/web2py/applications/yogurtJam/static/hk_js.js: 273
[2013-07-20 06:24:11] DELETE yogurtJam/static/hk_js.js: -273
[2013-07-20 06:25:24] UPLOAD /home/www-data/web2py/applications/yogurtJam/static/hk_js.js: 273
[2013-07-20 06:27:19] UPLOAD /home/www-data/web2py/applications/yogurtJam/static/js/hk_js.js: 273
[2013-07-20 06:27:30] DELETE yogurtJam/static/hk_js.js: -273
[2013-07-20 06:28:17] EDIT yogurtJam/views/layout.html: 1
[2013-07-20 06:30:39] EDIT yogurtJam/views/layout.html: 72
[2013-07-20 06:31:19] EDIT yogurtJam/views/default/index.html: -13
[2013-07-20 06:31:57] EDIT yogurtJam/views/layout.html: 0
[2013-07-20 06:32:10] EDIT yogurtJam/views/layout.html: 0
[2013-07-20 06:33:32] EDIT yogurtJam/views/layout.html: 1
[2013-07-20 06:33:44] EDIT yogurtJam/views/layout.html: 0
[2013-07-20 06:34:55] EDIT yogurtJam/views/layout.html: 105
[2013-07-20 06:36:02] EDIT yogurtJam/views/layout.html: 0
[2013-07-20 06:36:54] EDIT yogurtJam/views/layout.html: 0
[2013-07-20 06:38:39] EDIT yogurtJam/views/layout.html: 0
[2013-07-20 06:42:10] EDIT yogurtJam/views/layout.html: 0
[2013-07-20 06:45:19] EDIT yogurtJam/views/layout.html: 4
[2013-07-20 06:46:32] EDIT yogurtJam/views/layout.html: 2
[2013-07-20 06:47:54] EDIT yogurtJam/views/layout.html: 2
[2013-07-20 06:48:58] EDIT yogurtJam/views/layout.html: -4
[2013-07-20 06:51:55] EDIT yogurtJam/views/layout.html: -2
[2013-07-20 06:52:59] EDIT yogurtJam/views/layout.html: -1
[2013-07-20 06:54:27] EDIT yogurtJam/views/layout.html: -1
[2013-07-20 06:56:28] EDIT yogurtJam/views/layout.html: 2
[2013-07-20 06:58:53] EDIT yogurtJam/views/layout.html: 1
[2013-07-20 06:59:43] CREATE css/hk_css.css: 0
[2013-07-20 06:59:50] EDIT yogurtJam/static/css/hk_css.css: 63
[2013-07-20 07:00:36] EDIT yogurtJam/views/layout.html: -64
[2013-07-20 07:01:17] DELETE yogurtJam/static/css/hk_css.css.bak: 0
[2013-07-20 07:01:52] EDIT yogurtJam/controllers/default.py: 0
[2013-07-20 07:02:19] EDIT yogurtJam/controllers/default.py: -1
[2013-07-20 07:02:36] EDIT yogurtJam/controllers/default.py: 1
[2013-07-20 07:02:44] EDIT yogurtJam/controllers/default.py: 0
[2013-07-20 07:03:19] EDIT yogurtJam/controllers/default.py: 0
[2013-07-20 07:06:45] EDIT yogurtJam/controllers/default.py: 0
[2013-07-20 07:08:20] EDIT yogurtJam/views/default/index.html: 0
[2013-07-20 07:08:59] EDIT yogurtJam/views/default/index.html: 0
[2013-07-20 07:10:53] EDIT yogurtJam/models/db.py: 0
[2013-07-20 07:11:19] EDIT yogurtJam/models/db.py: 0
[2013-07-20 16:04:32] EDIT yogurtjam/views/layout.html: 0
[2013-07-20 16:05:24] EDIT yogurtjam/views/layout.html: 0
[2013-07-20 16:07:41] EDIT yogurtjam/models/menu.py: 0
[2013-07-20 16:09:23] EDIT yogurtjam/models/menu.py: 0
[2013-07-20 16:10:03] EDIT yogurtjam/models/menu.py: 0
[2013-07-20 16:10:31] EDIT yogurtjam/models/menu.py: 0
[2013-07-20 16:10:47] EDIT yogurtjam/models/menu.py: 0
[2013-07-20 16:11:08] EDIT yogurtjam/models/menu.py: 0
[2013-07-20 16:12:08] EDIT yogurtjam/models/menu.py: 0
[2013-07-20 16:13:08] EDIT yogurtjam/models/menu.py: 0
[2013-07-20 16:14:53] EDIT yogurtjam/models/menu.py: 0
[2013-07-20 16:15:22] EDIT yogurtjam/models/menu.py: 0
[2013-07-20 16:16:14] EDIT yogurtjam/models/menu.py: 0
[2013-07-20 16:17:33] EDIT yogurtjam/models/menu.py: 0
[2013-07-20 16:18:16] EDIT yogurtjam/models/menu.py: 0
[2013-07-20 16:18:34] EDIT yogurtjam/models/menu.py: 0
[2013-07-20 16:18:57] EDIT yogurtjam/models/menu.py: 0
[2013-07-20 16:21:58] EDIT yogurtjam/views/layout.html: 0
[2013-07-20 16:23:27] EDIT yogurtjam/static/css/hk_css.css: 0
[2013-07-20 16:24:27] EDIT yogurtjam/static/css/hk_css.css: 0
[2013-07-20 16:26:09] EDIT yogurtjam/static/css/hk_css.css: 0
[2013-07-20 16:26:36] EDIT yogurtjam/static/css/hk_css.css: 0
[2013-07-20 16:26:56] EDIT yogurtjam/static/css/hk_css.css: 0
[2013-07-20 16:27:19] EDIT yogurtjam/static/css/hk_css.css: 0
[2013-07-20 16:28:19] EDIT yogurtjam/static/css/hk_css.css: -1
[2013-07-20 16:44:05] EDIT yogurtjam/static/css/hk_css.css: -3
[2013-07-20 16:46:21] EDIT yogurtjam/static/css/hk_css.css: 1
[2013-07-20 16:47:12] EDIT yogurtjam/static/css/hk_css.css: 0
[2013-07-20 16:48:24] EDIT yogurtjam/views/layout.html: -159
[2013-07-20 16:48:36] EDIT yogurtjam/views/default/index.html: 159
[2013-07-20 16:49:14] EDIT yogurtjam/views/default/index.html: -159
[2013-07-20 16:49:23] EDIT yogurtjam/views/layout.html: 159
[2013-07-20 16:50:26] EDIT yogurtjam/views/layout.html: -1
[2013-07-20 16:51:08] EDIT yogurtjam/views/layout.html: 0
[2013-07-20 16:51:58] EDIT yogurtjam/views/layout.html: 0
[2013-07-20 16:53:17] EDIT yogurtjam/views/default/index.html: 0
[2013-07-20 16:54:13] EDIT yogurtjam/views/layout.html: 0
[2013-07-20 16:54:41] EDIT yogurtjam/views/layout.html: 0
[2013-07-20 16:55:41] EDIT yogurtjam/views/layout.html: 0
[2013-07-20 16:56:23] EDIT yogurtjam/static/css/hk_css.css: 1
[2013-07-20 16:56:46] EDIT yogurtjam/static/css/hk_css.css: -1
[2013-07-20 16:57:38] EDIT yogurtjam/static/css/hk_css.css: 0
[2013-07-20 16:57:58] EDIT yogurtjam/static/css/hk_css.css: 0
[2013-07-20 16:58:17] EDIT yogurtjam/static/css/hk_css.css: 0
[2013-07-20 16:58:40] EDIT yogurtjam/static/css/hk_css.css: 0
[2013-07-20 16:58:56] EDIT yogurtjam/static/css/hk_css.css: 0
[2013-07-20 16:59:20] EDIT yogurtjam/static/css/hk_css.css: 0
[2013-07-20 16:59:40] EDIT yogurtjam/static/css/hk_css.css: 0
[2013-07-20 17:00:27] EDIT yogurtjam/views/default/index.html: 0
[2013-07-20 17:02:44] EDIT yogurtjam/static/css/hk_css.css: 2
[2013-07-20 17:03:23] EDIT yogurtjam/static/css/hk_css.css: 1
[2013-07-20 17:05:50] EDIT yogurtjam/views/layout.html: 0
[2013-07-20 17:06:08] EDIT yogurtjam/views/layout.html: 1
[2013-07-20 17:07:39] EDIT yogurtjam/views/layout.html: 1
[2013-07-20 17:08:27] EDIT yogurtjam/static/css/hk_css.css: 0
[2013-07-20 17:08:42] EDIT yogurtjam/static/css/hk_css.css: 2
[2013-07-20 17:10:00] EDIT yogurtjam/static/css/hk_css.css: 2
[2013-07-20 17:11:47] EDIT yogurtjam/static/css/hk_css.css: -3
[2013-07-20 17:13:00] EDIT yogurtjam/static/css/hk_css.css: 2
[2013-07-20 17:13:33] EDIT yogurtjam/views/layout.html: 0
[2013-07-20 17:13:42] EDIT yogurtjam/views/layout.html: -1
[2013-07-20 17:14:56] EDIT yogurtjam/views/layout.html: 2
[2013-07-20 17:16:12] EDIT yogurtjam/static/css/hk_css.css: 1
[2013-07-20 17:19:10] EDIT yogurtjam/views/layout.html: -157
[2013-07-20 17:20:28] EDIT yogurtjam/static/css/hk_css.css: 0
[2013-07-20 17:22:18] EDIT yogurtjam/static/css/hk_css.css: 0
[2013-07-20 17:22:47] EDIT yogurtjam/static/css/hk_css.css: 0
[2013-07-20 17:26:29] EDIT yogurtjam/views/layout.html: 105
[2013-07-20 17:27:56] EDIT yogurtjam/static/css/hk_css.css: 1
[2013-07-20 17:38:52] EDIT yogurtjam/views/layout.html: 3
[2013-07-20 17:39:14] EDIT yogurtjam/static/css/hk_css.css: 3
[2013-07-20 17:39:55] EDIT yogurtjam/static/css/hk_css.css: 1
[2013-07-20 17:40:49] EDIT yogurtjam/static/css/hk_css.css: 1
[2013-07-20 17:43:05] EDIT yogurtjam/views/layout.html: 1
[2013-07-20 17:43:24] EDIT yogurtjam/static/css/hk_css.css: 0
[2013-07-20 17:44:09] EDIT yogurtjam/static/css/hk_css.css: 4
[2013-07-20 17:44:39] EDIT yogurtjam/static/css/hk_css.css: 0
[2013-07-20 17:44:49] EDIT yogurtjam/static/css/hk_css.css: 1
[2013-07-20 17:45:27] EDIT yogurtjam/static/css/hk_css.css: -1
[2013-07-20 17:46:21] EDIT yogurtjam/static/css/hk_css.css: 1
[2013-07-20 17:47:46] EDIT yogurtjam/static/css/hk_css.css: 1
[2013-07-20 17:47:52] EDIT yogurtjam/views/layout.html: 0
[2013-07-20 17:49:46] EDIT yogurtjam/static/css/hk_css.css: 8
[2013-07-20 17:50:03] EDIT yogurtjam/views/layout.html: 0
[2013-07-20 17:50:48] EDIT yogurtjam/static/css/hk_css.css: 0
[2013-07-20 17:51:18] EDIT yogurtjam/static/css/hk_css.css: 0
[2013-07-20 17:51:36] EDIT yogurtjam/static/css/hk_css.css: 0
[2013-07-20 17:51:42] EDIT yogurtjam/static/css/hk_css.css: 0
[2013-07-20 17:52:18] EDIT yogurtjam/static/css/hk_css.css: 0
[2013-07-20 17:52:37] EDIT yogurtjam/static/css/hk_css.css: 0
[2013-07-20 17:52:55] EDIT yogurtjam/static/css/hk_css.css: 0
[2013-07-20 17:53:17] EDIT yogurtjam/static/css/hk_css.css: -4
[2013-07-20 17:53:50] EDIT yogurtjam/static/css/hk_css.css: 0
[2013-07-20 17:54:08] EDIT yogurtjam/static/css/hk_css.css: 0
[2013-07-20 17:54:47] EDIT yogurtjam/static/css/hk_css.css: 0
[2013-07-20 17:55:16] EDIT yogurtjam/static/css/hk_css.css: 0
[2013-07-20 17:55:18] EDIT yogurtjam/static/css/hk_css.css: 0
[2013-07-20 17:55:40] EDIT yogurtjam/static/css/hk_css.css: 0
[2013-07-20 17:56:12] EDIT yogurtjam/static/css/hk_css.css: 0
[2013-07-20 17:57:25] EDIT yogurtjam/static/css/hk_css.css: 0
[2013-07-20 17:58:47] EDIT yogurtjam/static/css/hk_css.css: 4
[2013-07-20 17:59:37] EDIT yogurtjam/static/css/hk_css.css: 0
[2013-07-20 17:59:56] EDIT yogurtjam/static/css/hk_css.css: 0
[2013-07-20 18:00:26] EDIT yogurtjam/static/css/hk_css.css: 0
[2013-07-20 18:01:49] EDIT yogurtjam/static/css/hk_css.css: 1
[2013-07-20 18:02:06] EDIT yogurtjam/static/css/hk_css.css: 0
[2013-07-20 18:02:30] EDIT yogurtjam/static/css/hk_css.css: -1
[2013-07-20 18:02:52] EDIT yogurtjam/static/css/hk_css.css: 0
[2013-07-20 18:06:55] EDIT yogurtjam/views/layout.html: 0
[2013-07-20 18:07:31] EDIT yogurtjam/views/layout.html: 0
[2013-07-20 18:08:08] EDIT yogurtjam/views/layout.html: 0
[2013-07-20 18:10:28] EDIT yogurtjam/views/layout.html: 0
[2013-07-20 18:11:00] EDIT yogurtjam/static/css/hk_css.css: 3
[2013-07-20 18:11:41] EDIT yogurtjam/static/css/hk_css.css: 2
[2013-07-20 18:12:10] EDIT yogurtjam/static/css/hk_css.css: 0
[2013-07-20 18:13:59] EDIT yogurtjam/views/layout.html: 0
[2013-07-20 18:14:22] EDIT yogurtjam/views/layout.html: 0
[2013-07-20 18:14:51] EDIT yogurtjam/static/css/hk_css.css: 2
[2013-07-20 18:22:15] EDIT yogurtjam/views/layout.html: -95
[2013-07-20 18:22:58] EDIT yogurtjam/views/layout.html: -6
[2013-07-20 18:24:07] EDIT yogurtjam/static/js/hk_js.js: 1
[2013-07-20 18:24:40] EDIT yogurtjam/static/js/hk_js.js: 0
[2013-07-20 18:25:41] EDIT yogurtjam/views/layout.html: 1
[2013-07-20 18:29:00] EDIT yogurtjam/views/layout.html: 3
[2013-07-20 18:47:07] CREATE video_search.py: 0
[2013-07-20 18:48:01] EDIT yogurtjam/static/js/hk_js.js: 0
[2013-07-20 18:48:15] EDIT yogurtjam/static/js/hk_js.js: 0
[2013-07-20 18:48:56] EDIT yogurtjam/views/layout.html: 105
[2013-07-20 18:49:35] EDIT yogurtjam/static/js/hk_js.js: 0
[2013-07-20 18:50:42] EDIT yogurtjam/static/js/hk_js.js: 0
[2013-07-20 18:53:39] EDIT yogurtjam/static/js/hk_js.js: 0
[2013-07-20 19:04:30] EDIT yogurtjam/static/js/hk_js.js: 0
[2013-07-20 19:06:59] EDIT yogurtjam/static/js/hk_js.js: 0
[2013-07-20 19:10:47] EDIT yogurtjam/views/layout.html: 1
[2013-07-20 19:12:49] EDIT yogurtjam/static/js/hk_js.js: 0
[2013-07-20 19:14:07] EDIT yogurtjam/static/js/hk_js.js: 0
[2013-07-20 19:17:11] EDIT yogurtjam/views/layout.html: 0
[2013-07-20 19:17:44] EDIT yogurtjam/views/layout.html: 1
[2013-07-20 19:19:09] EDIT yogurtjam/views/layout.html: 1
[2013-07-20 19:21:23] EDIT yogurtjam/views/layout.html: 0
[2013-07-20 19:22:26] EDIT yogurtjam/views/layout.html: 2
[2013-07-20 19:23:14] EDIT yogurtjam/views/layout.html: 4
[2013-07-20 19:23:38] EDIT yogurtjam/views/layout.html: 3
[2013-07-20 19:24:33] EDIT yogurtjam/views/layout.html: -10
[2013-07-20 19:25:50] EDIT yogurtjam/static/js/hk_js.js: 2
[2013-07-20 19:25:57] EDIT yogurtjam/views/layout.html: -5
[2013-07-20 19:26:33] EDIT yogurtjam/static/js/hk_js.js: 0
[2013-07-20 19:27:29] EDIT yogurtjam/static/js/hk_js.js: -2
[2013-07-20 19:28:20] EDIT yogurtjam/views/layout.html: 12
[2013-07-20 19:29:07] EDIT yogurtjam/views/layout.html: 3
[2013-07-20 19:30:11] EDIT yogurtjam/views/layout.html: 0
[2013-07-20 19:30:32] EDIT yogurtjam/views/layout.html: 0
[2013-07-20 19:31:15] EDIT yogurtjam/views/layout.html: 1
[2013-07-20 19:31:32] EDIT yogurtjam/views/layout.html: -4
[2013-07-20 19:32:02] EDIT yogurtjam/views/layout.html: 1
[2013-07-20 19:32:37] EDIT yogurtjam/views/layout.html: 0
[2013-07-20 19:33:14] EDIT yogurtjam/static/js/hk_js.js: 11
[2013-07-20 19:33:41] EDIT yogurtjam/static/js/hk_js.js: -11
[2013-07-20 19:34:07] EDIT yogurtjam/views/layout.html: -6
[2013-07-20 19:34:24] EDIT yogurtjam/views/layout.html: 1
[2013-07-20 19:46:33] EDIT yogurtjam/static/js/hk_js.js: 0
[2013-07-20 19:53:29] EDIT yogurtjam/static/js/hk_js.js: 0
[2013-07-20 19:54:35] EDIT yogurtjam/static/js/hk_js.js: 0
[2013-07-20 19:55:19] EDIT yogurtjam/static/js/hk_js.js: 0
[2013-07-20 19:56:40] EDIT yogurtjam/static/js/hk_js.js: 0
[2013-07-20 19:57:30] EDIT yogurtjam/static/js/hk_js.js: 0
[2013-07-20 19:58:13] EDIT yogurtjam/views/layout.html: 0
[2013-07-20 19:58:16] EDIT yogurtjam/static/js/hk_js.js: 0
[2013-07-20 19:58:42] EDIT yogurtjam/static/js/hk_js.js: 0
[2013-07-20 19:59:10] EDIT yogurtjam/static/js/hk_js.js: 0
[2013-07-20 19:59:37] EDIT yogurtjam/static/js/hk_js.js: 0
[2013-07-20 20:00:10] EDIT yogurtjam/views/layout.html: 0
[2013-07-20 20:00:58] EDIT yogurtjam/static/js/hk_js.js: 0
[2013-07-20 20:01:30] EDIT yogurtjam/static/js/hk_js.js: 0
[2013-07-20 20:02:30] EDIT yogurtjam/static/js/hk_js.js: 0
[2013-07-20 20:02:55] EDIT yogurtjam/static/js/hk_js.js: 0
[2013-07-20 20:03:14] EDIT yogurtjam/static/js/hk_js.js: 0
[2013-07-20 20:09:21] EDIT yogurtjam/static/js/hk_js.js: 0
[2013-07-20 20:10:02] EDIT yogurtjam/static/js/hk_js.js: 0
[2013-07-20 20:11:41] EDIT yogurtjam/static/js/hk_js.js: 0
[2013-07-20 20:11:44] EDIT yogurtjam/static/js/hk_js.js: 0
[2013-07-20 20:12:47] EDIT yogurtjam/static/js/hk_js.js: 0
[2013-07-20 20:13:30] EDIT yogurtjam/static/js/hk_js.js: 0
[2013-07-20 20:14:09] EDIT yogurtjam/static/js/hk_js.js: 1
[2013-07-20 20:15:12] EDIT yogurtjam/static/js/hk_js.js: 0
[2013-07-20 20:15:32] EDIT yogurtjam/static/js/hk_js.js: -1
[2013-07-20 20:20:11] EDIT yogurtjam/controllers/default.py: 2
[2013-07-20 20:20:19] EDIT yogurtjam/static/js/hk_js.js: 0
[2013-07-20 20:21:00] EDIT yogurtjam/static/js/hk_js.js: 0
[2013-07-20 20:22:48] EDIT yogurtjam/static/js/hk_js.js: 3
[2013-07-20 20:27:59] EDIT yogurtjam/controllers/default.py: 0
[2013-07-20 20:28:15] EDIT yogurtjam/controllers/default.py: 0
[2013-07-20 20:30:50] EDIT yogurtjam/controllers/default.py: 0
[2013-07-20 20:30:58] EDIT yogurtjam/controllers/default.py: 0
[2013-07-20 20:35:29] EDIT yogurtjam/static/js/hk_js.js: 1
[2013-07-20 20:36:02] EDIT yogurtjam/controllers/default.py: 0
[2013-07-20 20:38:27] EDIT yogurtjam/static/js/hk_js.js: 0
[2013-07-20 20:50:46] EDIT yogurtjam/views/layout.html: 0
[2013-07-20 20:50:57] EDIT yogurtjam/controllers/default.py: 0
[2013-07-20 20:52:23] EDIT yogurtjam/views/layout.html: 2
[2013-07-20 20:52:59] EDIT yogurtjam/views/layout.html: -2
[2013-07-20 20:53:32] EDIT yogurtjam/views/layout.html: 0
[2013-07-20 20:54:24] EDIT yogurtjam/controllers/default.py: 0
[2013-07-20 20:54:40] EDIT yogurtjam/views/layout.html: 0
[2013-07-20 20:57:44] EDIT yogurtjam/views/layout.html: 0
[2013-07-20 20:58:05] EDIT yogurtjam/views/layout.html: 0
[2013-07-20 20:58:13] EDIT yogurtjam/views/layout.html: 0
[2013-07-20 20:58:19] EDIT yogurtjam/views/layout.html: 0
[2013-07-20 20:58:46] EDIT yogurtjam/views/layout.html: 0
[2013-07-20 20:59:40] EDIT yogurtjam/controllers/default.py: 0
[2013-07-20 21:00:41] EDIT yogurtjam/static/js/hk_js.js: 0
[2013-07-20 21:01:37] EDIT yogurtjam/static/js/hk_js.js: 0
[2013-07-20 21:01:38] EDIT yogurtjam/controllers/default.py: 2
[2013-07-20 21:01:49] EDIT yogurtjam/controllers/default.py: 0
[2013-07-20 21:12:12] EDIT yogurtjam/controllers/default.py: 0
[2013-07-20 21:12:35] EDIT yogurtjam/static/js/hk_js.js: 0
[2013-07-20 21:13:14] EDIT yogurtjam/static/js/hk_js.js: 0
[2013-07-20 21:13:57] EDIT yogurtjam/controllers/default.py: 0
[2013-07-20 21:15:07] EDIT yogurtjam/static/js/hk_js.js: 1
[2013-07-20 21:15:38] EDIT yogurtjam/static/js/hk_js.js: 0
[2013-07-20 21:16:17] EDIT yogurtjam/static/js/hk_js.js: 0
[2013-07-20 21:17:54] EDIT yogurtjam/static/js/hk_js.js: 0
[2013-07-20 21:17:56] EDIT yogurtjam/controllers/default.py: 0
[2013-07-20 21:18:33] EDIT yogurtjam/static/js/hk_js.js: 0
[2013-07-20 21:19:09] EDIT yogurtjam/static/js/hk_js.js: 0
[2013-07-20 21:19:44] EDIT yogurtjam/controllers/default.py: 0
[2013-07-20 21:19:53] EDIT yogurtjam/controllers/default.py: 0
[2013-07-20 21:19:57] EDIT yogurtjam/static/js/hk_js.js: 0
[2013-07-20 21:20:12] EDIT yogurtjam/static/js/hk_js.js: 0
[2013-07-20 21:20:14] EDIT yogurtjam/controllers/default.py: 0
[2013-07-20 21:20:26] EDIT yogurtjam/controllers/default.py: 0
[2013-07-20 21:20:57] EDIT yogurtjam/static/js/hk_js.js: 0
[2013-07-20 21:21:21] EDIT yogurtjam/controllers/default.py: 0
[2013-07-20 21:21:33] EDIT yogurtjam/controllers/default.py: 0
[2013-07-20 21:21:50] EDIT yogurtjam/static/js/hk_js.js: 0
[2013-07-20 21:22:35] EDIT yogurtjam/controllers/default.py: 1
[2013-07-20 21:22:46] EDIT yogurtjam/static/js/hk_js.js: 0
[2013-07-20 21:23:01] EDIT yogurtjam/static/js/hk_js.js: 0
[2013-07-20 21:23:35] EDIT yogurtjam/static/js/hk_js.js: 1
[2013-07-20 21:24:07] EDIT yogurtjam/controllers/default.py: 0
[2013-07-20 21:24:58] EDIT yogurtjam/static/js/hk_js.js: 0
[2013-07-20 21:25:05] EDIT yogurtjam/static/js/hk_js.js: 0
[2013-07-20 21:25:28] EDIT yogurtjam/static/js/hk_js.js: 0
[2013-07-20 21:25:48] EDIT yogurtjam/controllers/default.py: 0
[2013-07-20 21:26:11] EDIT yogurtjam/controllers/default.py: 1
[2013-07-20 21:26:15] EDIT yogurtjam/static/js/hk_js.js: 0
[2013-07-20 21:27:18] EDIT yogurtjam/controllers/default.py: 0
[2013-07-20 21:28:46] EDIT yogurtjam/static/js/hk_js.js: 1
[2013-07-20 21:29:09] EDIT yogurtjam/controllers/default.py: 0
[2013-07-20 21:29:15] EDIT yogurtjam/static/js/hk_js.js: 0
[2013-07-20 21:29:16] EDIT yogurtjam/static/js/hk_js.js: 0
[2013-07-20 21:29:20] EDIT yogurtjam/static/js/hk_js.js: 0
[2013-07-20 21:29:49] EDIT yogurtjam/controllers/default.py: 0
[2013-07-20 21:30:07] EDIT yogurtjam/controllers/default.py: 0
[2013-07-20 21:32:00] EDIT yogurtjam/controllers/default.py: 0
[2013-07-20 21:32:43] EDIT yogurtjam/controllers/default.py: 0
[2013-07-20 21:33:13] EDIT yogurtjam/static/js/hk_js.js: 0
[2013-07-20 21:35:09] EDIT yogurtjam/static/js/hk_js.js: 0
[2013-07-20 21:35:49] EDIT yogurtjam/static/js/hk_js.js: 0
[2013-07-20 21:36:44] EDIT yogurtjam/static/js/hk_js.js: 0
[2013-07-20 21:37:10] EDIT yogurtjam/static/js/hk_js.js: 1
[2013-07-20 21:38:09] EDIT yogurtjam/controllers/default.py: 0
[2013-07-20 21:47:04] EDIT yogurtjam/models/db.py: 1
[2013-07-20 21:48:26] EDIT yogurtjam/controllers/default.py: 1
[2013-07-20 21:48:38] EDIT yogurtjam/static/js/hk_js.js: 0
[2013-07-20 21:51:16] EDIT yogurtjam/controllers/default.py: 5
[2013-07-20 21:55:04] EDIT yogurtjam/controllers/default.py: 2
[2013-07-20 21:55:17] EDIT yogurtjam/controllers/default.py: 0
[2013-07-20 21:55:44] EDIT yogurtjam/static/js/hk_js.js: 0
[2013-07-20 21:57:43] EDIT yogurtjam/controllers/default.py: 0
[2013-07-20 21:58:25] EDIT yogurtjam/controllers/default.py: 0
[2013-07-20 21:59:24] EDIT yogurtjam/static/js/hk_js.js: 0
[2013-07-20 21:59:25] EDIT yogurtjam/controllers/default.py: 0
[2013-07-20 21:59:31] EDIT yogurtjam/controllers/default.py: 0
[2013-07-20 21:59:49] EDIT yogurtjam/controllers/default.py: 0
[2013-07-20 22:07:11] EDIT yogurtjam/controllers/default.py: 0
[2013-07-20 22:07:55] EDIT yogurtjam/controllers/default.py: 0
[2013-07-20 22:10:11] EDIT yogurtjam/controllers/default.py: 1
[2013-07-20 22:10:13] EDIT yogurtjam/controllers/default.py: 0
[2013-07-20 22:10:41] EDIT yogurtjam/controllers/default.py: 0
[2013-07-20 22:11:13] EDIT yogurtjam/controllers/default.py: 0
[2013-07-20 22:11:35] EDIT yogurtjam/controllers/default.py: 1
[2013-07-20 22:12:57] EDIT yogurtjam/controllers/default.py: 1
[2013-07-21 07:08:59] EDIT yogurtjam/models/menu.py: 0
[2013-07-21 07:18:24] EDIT yogurtjam/models/menu.py: 0
[2013-07-21 16:46:54] UPLOAD /home/www-data/web2py/applications/yogurtjam/static/images/favicon/ico: 1
[2013-07-21 16:47:26] DELETE yogurtjam/static/images/favicon/ico: -1
[2013-07-21 16:47:47] UPLOAD /home/www-data/web2py/applications/yogurtjam/static/images/favicon.ico: 1
[2013-07-21 16:51:16] UPLOAD /home/www-data/web2py/applications/yogurtjam/static/images/favicon.png: 3
[2013-07-21 16:52:01] EDIT yogurtjam/views/layout.html: 0
[2013-07-21 16:54:54] EDIT yogurtjam/views/layout.html: 1
[2013-07-21 16:55:19] EDIT yogurtjam/views/layout.html: -1
[2013-07-21 16:55:57] EDIT yogurtjam/models/menu.py: 0
[2013-07-21 17:07:25] EDIT yogurtjam/controllers/video_search.py: 15
[2013-07-21 17:08:46] EDIT yogurtjam/static/js/hk_js.js: 0
[2013-07-21 17:10:26] EDIT yogurtjam/static/js/hk_js.js: 0
[2013-07-21 17:10:28] EDIT yogurtjam/static/js/hk_js.js: 0
[2013-07-21 17:11:53] EDIT yogurtjam/controllers/video_search.py: 0
[2013-07-21 17:12:32] EDIT yogurtjam/controllers/video_search.py: 0
[2013-07-21 17:13:26] EDIT yogurtjam/controllers/video_search.py: 0
[2013-07-21 17:20:47] EDIT yogurtjam/controllers/video_search.py: 0
[2013-07-21 17:21:54] EDIT yogurtjam/static/js/hk_js.js: 0
[2013-07-21 17:22:08] EDIT yogurtjam/controllers/video_search.py: 0
[2013-07-21 17:22:48] EDIT yogurtjam/controllers/video_search.py: 0
[2013-07-21 17:23:52] EDIT yogurtjam/controllers/video_search.py: 0
[2013-07-21 17:24:35] EDIT yogurtjam/controllers/video_search.py: 0
[2013-07-21 17:24:52] EDIT yogurtjam/controllers/video_search.py: 0
[2013-07-21 17:25:27] EDIT yogurtjam/controllers/video_search.py: 0
[2013-07-21 17:25:59] EDIT yogurtjam/controllers/video_search.py: 0
[2013-07-21 17:26:29] EDIT yogurtjam/controllers/video_search.py: 0
[2013-07-21 17:28:07] EDIT yogurtjam/controllers/video_search.py: 1
[2013-07-21 17:28:32] EDIT yogurtjam/controllers/video_search.py: 0
[2013-07-21 17:30:09] EDIT yogurtjam/static/js/hk_js.js: 1
[2013-07-21 17:33:46] EDIT yogurtjam/controllers/video_search.py: 1
[2013-07-21 17:34:08] EDIT yogurtjam/controllers/video_search.py: 0
[2013-07-21 17:34:45] EDIT yogurtjam/controllers/video_search.py: 0
[2013-07-21 17:35:04] EDIT yogurtjam/controllers/video_search.py: 0
[2013-07-21 17:35:21] EDIT yogurtjam/controllers/video_search.py: 0
[2013-07-21 17:36:01] EDIT yogurtjam/controllers/video_search.py: 0
[2013-07-21 17:37:06] EDIT yogurtjam/controllers/video_search.py: 3
[2013-07-21 17:37:30] EDIT yogurtjam/controllers/video_search.py: 0
[2013-07-21 17:37:37] EDIT yogurtjam/controllers/video_search.py: 0
[2013-07-21 17:38:05] EDIT yogurtjam/controllers/video_search.py: 0
[2013-07-21 17:47:17] EDIT yogurtjam/controllers/video_search.py: 8
[2013-07-21 17:47:41] EDIT yogurtjam/controllers/video_search.py: 0
[2013-07-21 17:47:56] EDIT yogurtjam/controllers/video_search.py: 0
[2013-07-21 17:49:02] EDIT yogurtjam/controllers/video_search.py: 0
[2013-07-21 17:49:14] EDIT yogurtjam/controllers/video_search.py: 0
[2013-07-21 17:50:00] EDIT yogurtjam/controllers/video_search.py: -6
[2013-07-21 17:50:02] EDIT yogurtjam/controllers/video_search.py: 0
[2013-07-21 17:50:20] EDIT yogurtjam/controllers/video_search.py: 0
[2013-07-21 17:50:41] EDIT yogurtjam/controllers/video_search.py: 0
[2013-07-21 17:51:52] EDIT yogurtjam/controllers/video_search.py: 6
[2013-07-21 17:55:50] EDIT yogurtjam/controllers/video_search.py: 4
[2013-07-21 17:58:06] EDIT yogurtjam/controllers/video_search.py: 9
[2013-07-21 17:58:31] EDIT yogurtjam/controllers/video_search.py: 0
[2013-07-21 18:03:16] EDIT yogurtjam/controllers/video_search.py: 5
[2013-07-21 18:03:29] EDIT yogurtjam/controllers/video_search.py: 0
[2013-07-21 18:07:03] EDIT yogurtjam/controllers/video_search.py: 2
[2013-07-21 18:12:38] EDIT yogurtjam/controllers/video_search.py: 0
[2013-07-21 18:15:19] EDIT yogurtjam/controllers/video_search.py: -5
[2013-07-21 18:16:22] EDIT yogurtjam/controllers/video_search.py: 5
[2013-07-21 18:16:26] EDIT yogurtjam/controllers/video_search.py: 0
[2013-07-21 18:21:33] EDIT yogurtjam/controllers/video_search.py: 1
[2013-07-21 18:21:37] EDIT yogurtjam/controllers/video_search.py: 0
[2013-07-21 18:21:47] EDIT yogurtjam/controllers/video_search.py: 0
[2013-07-21 18:22:15] EDIT yogurtjam/controllers/video_search.py: -24
[2013-07-21 18:22:31] EDIT yogurtjam/controllers/video_search.py: 0
[2013-07-21 18:24:00] EDIT yogurtjam/controllers/video_search.py: 1
[2013-07-21 18:24:16] EDIT yogurtjam/controllers/video_search.py: 0
[2013-07-21 18:24:37] EDIT yogurtjam/controllers/video_search.py: 0
[2013-07-21 18:24:52] EDIT yogurtjam/controllers/video_search.py: -6
[2013-07-21 18:25:10] EDIT yogurtjam/controllers/video_search.py: 0
[2013-07-21 18:28:25] EDIT yogurtjam/controllers/video_search.py: 4
[2013-07-21 18:30:12] EDIT yogurtjam/controllers/video_search.py: 3
[2013-07-21 18:32:21] EDIT yogurtjam/static/js/hk_js.js: 0
[2013-07-21 18:32:59] EDIT yogurtjam/static/js/hk_js.js: 1
[2013-07-21 18:34:38] EDIT yogurtjam/static/js/hk_js.js: 1
[2013-07-21 18:34:48] EDIT yogurtjam/static/js/hk_js.js: 0
[2013-07-21 18:36:04] EDIT yogurtjam/controllers/video_search.py: 2
[2013-07-21 18:43:03] EDIT yogurtjam/controllers/video_search.py: 4
[2013-07-21 18:48:16] EDIT yogurtjam/controllers/video_search.py: 0
[2013-07-21 18:49:59] EDIT yogurtjam/controllers/video_search.py: 0
[2013-07-21 18:53:13] EDIT yogurtjam/controllers/video_search.py: 1
[2013-07-21 18:53:30] EDIT yogurtjam/controllers/video_search.py: 0
[2013-07-21 18:55:43] EDIT yogurtjam/controllers/video_search.py: -3
[2013-07-21 18:56:31] EDIT yogurtjam/controllers/video_search.py: -3
[2013-07-21 18:56:31] EDIT yogurtjam/controllers/video_search.py: 0
[2013-07-21 18:56:31] EDIT yogurtjam/controllers/video_search.py: 0
[2013-07-21 18:57:04] EDIT yogurtjam/controllers/video_search.py: -11
[2013-07-21 18:57:22] EDIT yogurtjam/controllers/video_search.py: 0
[2013-07-21 18:57:57] EDIT yogurtjam/controllers/video_search.py: 0
[2013-07-21 18:58:28] EDIT yogurtjam/controllers/video_search.py: 0
[2013-07-21 19:00:08] EDIT yogurtjam/controllers/video_search.py: 0
[2013-07-21 19:01:20] EDIT yogurtjam/controllers/video_search.py: 1
[2013-07-21 19:01:42] EDIT yogurtjam/controllers/video_search.py: 11
[2013-07-21 19:02:00] EDIT yogurtjam/controllers/video_search.py: 0
[2013-07-21 19:04:11] EDIT yogurtjam/controllers/video_search.py: 0
[2013-07-21 19:04:57] EDIT yogurtjam/controllers/video_search.py: 0
[2013-07-21 19:06:03] EDIT yogurtjam/controllers/video_search.py: 0
[2013-07-21 19:12:31] EDIT yogurtjam/controllers/video_search.py: 0
[2013-07-21 19:12:54] EDIT yogurtjam/controllers/video_search.py: 0
[2013-07-21 19:18:56] EDIT yogurtjam/controllers/video_search.py: 1
[2013-07-23 03:50:12] UPLOAD /home/www-data/web2py/applications/yogurtjam/static/images.favicon.ico: 1
[2013-07-23 03:50:25] DELETE yogurtjam/static/images.favicon.ico: -1
[2013-07-23 03:50:50] UPLOAD /home/www-data/web2py/applications/yogurtjam/static/images/favicon.ico: 1
[2013-07-23 03:52:24] UPLOAD /home/www-data/web2py/applications/yogurtjam/static/favicon.png: 3
[2013-07-23 04:21:30] DELETE yogurtjam/static/favicon.png: -3
[2013-07-23 04:21:49] UPLOAD /home/www-data/web2py/applications/yogurtjam/static/favicon.png: 3
[2013-07-23 04:21:57] DELETE yogurtjam/static/favicon.png: -3
[2013-07-23 04:22:15] UPLOAD /home/www-data/web2py/applications/yogurtjam/static/images/favicon.png: 3
[2013-07-23 04:36:56] EDIT yogurtjam/views/layout.html: 36
[2013-07-23 04:38:30] EDIT yogurtjam/views/layout.html: 13
[2013-07-23 04:40:49] EDIT yogurtjam/views/layout.html: 7
[2013-07-23 04:43:25] EDIT yogurtjam/views/layout.html: 0
[2013-07-23 04:47:37] EDIT yogurtjam/views/layout.html: 0
[2013-07-23 04:50:22] EDIT yogurtjam/views/layout.html: -4
[2013-07-23 04:50:38] EDIT yogurtjam/views/layout.html: 1
[2013-07-23 04:52:10] EDIT yogurtjam/views/layout.html: -3
[2013-07-23 04:53:18] EDIT yogurtjam/views/layout.html: -1
[2013-07-23 04:54:01] EDIT yogurtjam/views/layout.html: 0
[2013-07-23 04:54:58] EDIT yogurtjam/views/layout.html: 0
[2013-07-23 04:59:27] EDIT yogurtjam/views/layout.html: 0
[2013-07-23 04:59:57] EDIT yogurtjam/views/layout.html: 0
[2013-07-23 05:00:30] EDIT yogurtjam/views/layout.html: 1
[2013-07-23 05:01:30] EDIT yogurtjam/views/layout.html: 0
[2013-07-23 05:02:48] EDIT yogurtjam/views/layout.html: 1
[2013-07-23 05:06:31] EDIT yogurtjam/views/layout.html: -1
[2013-07-23 05:06:50] EDIT yogurtjam/views/layout.html: 1
[2013-07-23 05:11:56] EDIT yogurtjam/views/layout.html: 0
[2013-07-23 05:44:52] EDIT yogurtjam/views/layout.html: 1
[2013-07-23 05:45:53] EDIT yogurtjam/views/layout.html: -1
[2013-07-23 06:20:10] EDIT yogurtjam/views/layout.html: 0
[2013-07-23 06:20:48] EDIT yogurtjam/views/layout.html: 0
[2013-07-31 05:21:12] EDIT yogurtjam/views/layout.html: 0
[2013-07-31 05:26:48] EDIT yogurtjam/views/layout.html: 0
[2013-07-31 05:27:42] EDIT yogurtjam/views/layout.html: 0
[2013-07-31 05:27:56] EDIT yogurtjam/views/layout.html: 0
[2013-07-31 05:28:42] EDIT yogurtjam/views/layout.html: 13
[2013-07-31 05:31:10] EDIT yogurtjam/views/layout.html: -1
[2013-07-31 05:31:42] EDIT yogurtjam/views/layout.html: 0
[2013-07-31 05:33:20] EDIT yogurtjam/views/layout.html: 0
[2013-07-31 05:34:31] EDIT yogurtjam/views/layout.html: 0
[2013-07-31 05:34:51] EDIT yogurtjam/views/layout.html: 0
[2013-07-31 05:35:22] EDIT yogurtjam/views/layout.html: 0
[2013-07-31 05:36:04] EDIT yogurtjam/views/layout.html: 0
[2013-07-31 05:36:05] EDIT yogurtjam/views/layout.html: 0
[2013-07-31 05:37:31] EDIT yogurtjam/views/layout.html: 13
[2013-07-31 05:38:39] EDIT yogurtjam/views/layout.html: -4
[2013-07-31 05:41:08] EDIT yogurtjam/views/layout.html: -5
[2013-07-31 05:41:44] EDIT yogurtjam/views/layout.html: 0
[2013-07-31 05:42:01] EDIT yogurtjam/views/layout.html: 0
[2013-07-31 05:43:20] EDIT yogurtjam/views/layout.html: 15
[2013-07-31 05:45:12] EDIT yogurtjam/static/css/hk_css.css: 2
[2013-07-31 05:50:55] EDIT yogurtjam/static/js/hk_js.js: 8
[2013-07-31 05:51:35] EDIT yogurtjam/static/js/hk_js.js: 6
[2013-07-31 05:52:14] EDIT yogurtjam/views/layout.html: -13
[2013-07-31 05:53:09] EDIT yogurtjam/views/layout.html: 1
[2013-07-31 05:53:27] EDIT yogurtjam/views/layout.html: 0
[2013-07-31 05:54:19] EDIT yogurtjam/views/layout.html: 1
[2013-07-31 05:56:58] EDIT yogurtjam/views/layout.html: 2
[2013-07-31 05:57:05] EDIT yogurtjam/views/layout.html: 0
[2013-07-31 06:20:01] EDIT yogurtjam/static/js/hk_js.js: 73
[2013-07-31 06:24:53] EDIT yogurtjam/static/js/hk_js.js: 0
[2013-07-31 06:27:00] EDIT yogurtjam/views/layout.html: 0
[2013-07-31 06:29:49] EDIT yogurtjam/views/layout.html: 0
[2013-07-31 06:32:01] EDIT yogurtjam/static/js/hk_js.js: -2
[2013-07-31 06:32:47] EDIT yogurtjam/static/js/hk_js.js: 1
[2013-07-31 06:33:35] EDIT yogurtjam/static/js/hk_js.js: 0
[2013-07-31 06:34:06] EDIT yogurtjam/views/layout.html: 0
[2013-07-31 06:34:11] EDIT yogurtjam/static/js/hk_js.js: 0
[2013-07-31 06:34:27] EDIT yogurtjam/static/js/hk_js.js: 0
[2013-07-31 06:36:16] EDIT yogurtjam/static/css/hk_css.css: 5
[2013-07-31 06:37:06] EDIT yogurtjam/static/css/hk_css.css: 0
[2013-07-31 06:37:32] EDIT yogurtjam/static/css/hk_css.css: 0
[2013-07-31 06:38:39] EDIT yogurtjam/static/css/hk_css.css: 0
[2013-07-31 06:39:38] EDIT yogurtjam/static/css/hk_css.css: 1
[2013-07-31 06:40:27] EDIT yogurtjam/static/css/hk_css.css: -2
[2013-07-31 06:40:32] EDIT yogurtjam/static/css/hk_css.css: -1
[2013-07-31 06:41:25] EDIT yogurtjam/static/css/hk_css.css: 1
[2013-07-31 06:41:29] EDIT yogurtjam/static/css/hk_css.css: 0
[2013-07-31 06:41:53] EDIT yogurtjam/static/css/hk_css.css: 0
[2013-07-31 06:42:45] EDIT yogurtjam/static/css/hk_css.css: 1
[2013-07-31 06:44:53] EDIT yogurtjam/views/layout.html: 1
[2013-07-31 06:45:17] EDIT yogurtjam/views/layout.html: 0
[2013-07-31 06:45:42] EDIT yogurtjam/views/layout.html: 0
[2013-07-31 06:47:00] EDIT yogurtjam/views/layout.html: 0
[2013-07-31 06:48:17] EDIT yogurtjam/views/layout.html: 1
[2013-11-29 05:30:44] UPLOAD /home/www-data/web2py/applications/yogurtjam/private/mysql_credentials.json: 6
